#
# There is insufficient memory for the Java Runtime Environment to continue.
# Native memory allocation (malloc) failed to allocate 1148656 bytes for Chunk::new
# Possible reasons:
#   The system is out of physical RAM or swap space
#   The process is running with CompressedOops enabled, and the Java Heap may be blocking the growth of the native heap
# Possible solutions:
#   Reduce memory load on the system
#   Increase physical memory or swap space
#   Check if swap backing store is full
#   Decrease Java heap size (-Xmx/-Xms)
#   Decrease number of Java threads
#   Decrease Java thread stack sizes (-Xss)
#   Set larger code cache with -XX:ReservedCodeCacheSize=
#   JVM is running with Unscaled Compressed Oops mode in which the Java heap is
#     placed in the first 4GB address space. The Java Heap base address is the
#     maximum limit for the native heap growth. Please use -XX:HeapBaseMinAddress
#     to set the Java Heap base and to place the Java Heap above 4GB virtual address.
# This output file may be truncated or incomplete.
#
#  Out of Memory Error (allocation.cpp:389), pid=4772, tid=0x0000000000002b30
#
# JRE version: Java(TM) SE Runtime Environment (8.0_202-b08) (build 1.8.0_202-b08)
# Java VM: Java HotSpot(TM) 64-Bit Server VM (25.202-b08 mixed mode windows-amd64 compressed oops)
# Failed to write core dump. Minidumps are not enabled by default on client versions of Windows
#

---------------  T H R E A D  ---------------

Current thread (0x0000000018389800):  JavaThread "C2 CompilerThread2" daemon [_thread_in_native, id=11056, stack(0x0000000019bf0000,0x0000000019cf0000)]

Stack: [0x0000000019bf0000,0x0000000019cf0000]
[error occurred during error reporting (printing stack bounds), id 0xc0000005]

Native frames: (J=compiled Java code, j=interpreted, Vv=VM code, C=native code)


Current CompileTask:
C2:   6817 4505       4       org.objectweb.asm.ClassReader::accept (1404 bytes)


---------------  P R O C E S S  ---------------

Java Threads: ( => current thread )
  0x000000001f4a7800 JavaThread "Cache worker for file content cache (C:\Users\laita\.gradle\caches\7.0.2\fileContent)" [_thread_blocked, id=9536, stack(0x00000000245d0000,0x00000000246d0000)]
  0x000000001f4ab000 JavaThread "Cache worker for execution history cache (C:\Users\laita\.gradle\caches\7.0.2\executionHistory)" [_thread_blocked, id=1740, stack(0x0000000023cd0000,0x0000000023dd0000)]
  0x000000001f4ac000 JavaThread "Cache worker for cache directory md-rule (C:\Users\laita\.gradle\caches\7.0.2\md-rule)" [_thread_blocked, id=18840, stack(0x0000000023bd0000,0x0000000023cd0000)]
  0x000000001f4ae000 JavaThread "Cache worker for cache directory md-supplier (C:\Users\laita\.gradle\caches\7.0.2\md-supplier)" [_thread_blocked, id=8760, stack(0x00000000238d0000,0x00000000239d0000)]
  0x000000001f4aa800 JavaThread "Cache worker for checksums cache (C:\Users\laita\AndroidStudioProjects\JMP-A-2022\Proyek 2  P7\dtschapter03-starter-master\.gradle\checksums)" [_thread_blocked, id=18216, stack(0x00000000237d0000,0x00000000238d0000)]
  0x000000001f4a9800 JavaThread "jar transforms Thread 12" [_thread_blocked, id=19036, stack(0x0000000022fd0000,0x00000000230d0000)]
  0x000000001f4a2000 JavaThread "jar transforms Thread 11" [_thread_blocked, id=8840, stack(0x0000000023140000,0x0000000023240000)]
  0x000000001f4a8000 JavaThread "jar transforms Thread 10" [_thread_blocked, id=8556, stack(0x0000000022dd0000,0x0000000022ed0000)]
  0x000000001f4a5000 JavaThread "jar transforms Thread 9" [_thread_blocked, id=10352, stack(0x0000000022cd0000,0x0000000022dd0000)]
  0x000000001f4a6000 JavaThread "jar transforms Thread 8" [_thread_blocked, id=17964, stack(0x00000000236d0000,0x00000000237d0000)]
  0x000000001f4a3800 JavaThread "jar transforms Thread 7" [_thread_blocked, id=11772, stack(0x00000000235d0000,0x00000000236d0000)]
  0x000000001f4a6800 JavaThread "jar transforms Thread 6" [_thread_blocked, id=16208, stack(0x00000000234d0000,0x00000000235d0000)]
  0x000000001f4a3000 JavaThread "jar transforms Thread 5" [_thread_blocked, id=10900, stack(0x0000000021b30000,0x0000000021c30000)]
  0x000000001f4a4800 JavaThread "jar transforms Thread 4" [_thread_in_Java, id=7712, stack(0x0000000021a30000,0x0000000021b30000)]
  0x000000001a082800 JavaThread "jar transforms Thread 3" [_thread_blocked, id=2904, stack(0x0000000021750000,0x0000000021850000)]
  0x000000001a088000 JavaThread "jar transforms Thread 2" [_thread_blocked, id=3248, stack(0x00000000202c0000,0x00000000203c0000)]
  0x000000001a082000 JavaThread "jar transforms" [_thread_blocked, id=10088, stack(0x00000000201c0000,0x00000000202c0000)]
  0x000000001a086800 JavaThread "File watcher consumer" daemon [_thread_blocked, id=18776, stack(0x0000000021930000,0x0000000021a30000)]
  0x000000001a085000 JavaThread "File watcher server" daemon [_thread_in_native, id=11452, stack(0x0000000020460000,0x0000000020560000)]
  0x000000001a087000 JavaThread "Cache worker for file hash cache (C:\Users\laita\AndroidStudioProjects\JMP-A-2022\Proyek 2  P7\dtschapter03-starter-master\.gradle\7.0.2\fileHashes)" [_thread_blocked, id=18780, stack(0x00000000200c0000,0x00000000201c0000)]
  0x000000001a081000 JavaThread "Cache worker for journal cache (C:\Users\laita\.gradle\caches\journal-1)" [_thread_blocked, id=3472, stack(0x000000001eff0000,0x000000001f0f0000)]
  0x000000001a084000 JavaThread "File lock request listener" [_thread_in_native, id=11316, stack(0x000000001dd20000,0x000000001de20000)]
  0x000000001a085800 JavaThread "Cache worker for file hash cache (C:\Users\laita\.gradle\caches\7.0.2\fileHashes)" [_thread_blocked, id=9484, stack(0x000000001dc20000,0x000000001dd20000)]
  0x000000001bb71000 JavaThread "Daemon client event forwarder" [_thread_blocked, id=3160, stack(0x000000001d920000,0x000000001da20000)]
  0x000000001bb48800 JavaThread "Stdin handler" [_thread_blocked, id=10656, stack(0x000000001d820000,0x000000001d920000)]
  0x000000001bb45800 JavaThread "Asynchronous log dispatcher for DefaultDaemonConnection: socket connection from /127.0.0.1:52528 to /127.0.0.1:52529" [_thread_blocked, id=9668, stack(0x000000001d720000,0x000000001d820000)]
  0x000000001bc0a000 JavaThread "Daemon worker" [_thread_blocked, id=6464, stack(0x000000001d620000,0x000000001d720000)]
  0x000000001bc09000 JavaThread "Cancel handler" [_thread_blocked, id=3940, stack(0x000000001d520000,0x000000001d620000)]
  0x000000001baf4800 JavaThread "Handler for socket connection from /127.0.0.1:52528 to /127.0.0.1:52529" [_thread_in_native, id=11176, stack(0x000000001d220000,0x000000001d320000)]
  0x000000001baf4000 JavaThread "Daemon" [_thread_blocked, id=16128, stack(0x000000001d120000,0x000000001d220000)]
  0x000000001bcc9800 JavaThread "Daemon periodic checks" [_thread_blocked, id=5044, stack(0x000000001d020000,0x000000001d120000)]
  0x000000001b9d8800 JavaThread "Incoming local TCP Connector on port 52528" [_thread_in_native, id=17744, stack(0x000000001cdd0000,0x000000001ced0000)]
  0x000000001b93c000 JavaThread "Daemon health stats" [_thread_blocked, id=14664, stack(0x000000001c790000,0x000000001c890000)]
  0x000000001840e000 JavaThread "Service Thread" daemon [_thread_blocked, id=13636, stack(0x0000000019df0000,0x0000000019ef0000)]
  0x000000001838d800 JavaThread "C1 CompilerThread3" daemon [_thread_blocked, id=18240, stack(0x0000000019cf0000,0x0000000019df0000)]
=>0x0000000018389800 JavaThread "C2 CompilerThread2" daemon [_thread_in_native, id=11056, stack(0x0000000019bf0000,0x0000000019cf0000)]
  0x0000000018387000 JavaThread "C2 CompilerThread1" daemon [_thread_blocked, id=9896, stack(0x0000000019af0000,0x0000000019bf0000)]
  0x000000001837f000 JavaThread "C2 CompilerThread0" daemon [_thread_blocked, id=9916, stack(0x00000000199f0000,0x0000000019af0000)]
  0x000000001837c000 JavaThread "Attach Listener" daemon [_thread_blocked, id=17428, stack(0x00000000198f0000,0x00000000199f0000)]
  0x000000001837b000 JavaThread "Signal Dispatcher" daemon [_thread_blocked, id=2204, stack(0x00000000197f0000,0x00000000198f0000)]
  0x0000000016ca2800 JavaThread "Finalizer" daemon [_thread_blocked, id=10208, stack(0x00000000195f0000,0x00000000196f0000)]
  0x0000000018373000 JavaThread "Reference Handler" daemon [_thread_blocked, id=12624, stack(0x00000000194f0000,0x00000000195f0000)]
  0x0000000002bdd800 JavaThread "main" [_thread_blocked, id=1448, stack(0x0000000002a20000,0x0000000002b20000)]

Other Threads:
  0x0000000016c96800 VMThread [stack: 0x00000000193f0000,0x00000000194f0000] [id=14804]
  0x0000000018430800 WatcherThread [stack: 0x0000000019ef0000,0x0000000019ff0000] [id=9232]

VM state:not at safepoint (normal execution)

VM Mutex/Monitor currently owned by a thread: None

heap address: 0x00000000a0000000, size: 1536 MB, Compressed Oops mode: 32-bit
Narrow klass base: 0x0000000000000000, Narrow klass shift: 3
Compressed class space size: 1073741824 Address: 0x0000000100000000

Heap:
 PSYoungGen      total 260608K, used 98270K [0x00000000e0000000, 0x00000000f0e00000, 0x0000000100000000)
  eden space 246784K, 39% used [0x00000000e0000000,0x00000000e5f2fb38,0x00000000ef100000)
  from space 13824K, 5% used [0x00000000f0080000,0x00000000f0148010,0x00000000f0e00000)
  to   space 14848K, 0% used [0x00000000ef100000,0x00000000ef100000,0x00000000eff80000)
 ParOldGen       total 138240K, used 27269K [0x00000000a0000000, 0x00000000a8700000, 0x00000000e0000000)
  object space 138240K, 19% used [0x00000000a0000000,0x00000000a1aa1410,0x00000000a8700000)
 Metaspace       used 39656K, capacity 41482K, committed 41728K, reserved 1085440K
  class space    used 5659K, capacity 6040K, committed 6144K, reserved 1048576K

Card table byte_map: [0x00000000120a0000,0x00000000123b0000] byte_map_base: 0x0000000011ba0000

Marking Bits: (ParMarkBitMap*) 0x00000000555d5ce0
 Begin Bits: [0x0000000012fb0000, 0x00000000147b0000)
 End Bits:   [0x00000000147b0000, 0x0000000015fb0000)

Polling page: 0x0000000001130000

CodeCache: size=245760Kb used=17670Kb max_used=17703Kb free=228089Kb
 bounds [0x0000000002ce0000, 0x0000000003ec0000, 0x0000000011ce0000]
 total_blobs=4808 nmethods=4082 adapters=637
 compilation: enabled

Compilation events (10 events):
Event: 6.664 Thread 0x000000001838d800 nmethod 4500 0x00000000032a0950 code [0x00000000032a0ac0, 0x00000000032a0c68]
Event: 6.673 Thread 0x0000000018387000 4501       4       org.objectweb.asm.SymbolTable::addBootstrapMethod (209 bytes)
Event: 6.686 Thread 0x0000000018389800 4502       4       java.io.FileOutputStream::write (12 bytes)
Event: 6.686 Thread 0x0000000018389800 nmethod 4502 0x0000000003151950 code [0x0000000003151aa0, 0x0000000003151b28]
Event: 6.718 Thread 0x000000001837f000 4503       4       org.objectweb.asm.ClassWriter::toByteArray (1535 bytes)
Event: 6.720 Thread 0x0000000018387000 nmethod 4501 0x0000000003ea1c90 code [0x0000000003ea1f20, 0x0000000003ea4cf0]
Event: 6.731 Thread 0x000000001838d800 4504       3       org.objectweb.asm.SymbolTable::putBootstrapMethods (56 bytes)
Event: 6.731 Thread 0x000000001838d800 nmethod 4504 0x0000000002df5050 code [0x0000000002df5200, 0x0000000002df55c8]
Event: 6.741 Thread 0x0000000018389800 4505       4       org.objectweb.asm.ClassReader::accept (1404 bytes)
Event: 6.800 Thread 0x000000001837f000 nmethod 4503 0x0000000003eae210 code [0x0000000003eae900, 0x0000000003eb3b88]

GC Heap History (10 events):
Event: 6.223 GC heap before
{Heap before GC invocations=16 (full 2):
 PSYoungGen      total 219136K, used 204621K [0x00000000e0000000, 0x00000000efb80000, 0x0000000100000000)
  eden space 203776K, 100% used [0x00000000e0000000,0x00000000ec700000,0x00000000ec700000)
  from space 15360K, 5% used [0x00000000ec700000,0x00000000ec7d37e0,0x00000000ed600000)
  to   space 14848K, 0% used [0x00000000ed600000,0x00000000ed600000,0x00000000ee480000)
 ParOldGen       total 138240K, used 19148K [0x00000000a0000000, 0x00000000a8700000, 0x00000000e0000000)
  object space 138240K, 13% used [0x00000000a0000000,0x00000000a12b33f0,0x00000000a8700000)
 Metaspace       used 39647K, capacity 41482K, committed 41728K, reserved 1085440K
  class space    used 5659K, capacity 6040K, committed 6144K, reserved 1048576K
Event: 6.227 GC heap after
Heap after GC invocations=16 (full 2):
 PSYoungGen      total 218624K, used 6624K [0x00000000e0000000, 0x00000000efb80000, 0x0000000100000000)
  eden space 203776K, 0% used [0x00000000e0000000,0x00000000e0000000,0x00000000ec700000)
  from space 14848K, 44% used [0x00000000ed600000,0x00000000edc78020,0x00000000ee480000)
  to   space 15360K, 0% used [0x00000000ec700000,0x00000000ec700000,0x00000000ed600000)
 ParOldGen       total 138240K, used 19676K [0x00000000a0000000, 0x00000000a8700000, 0x00000000e0000000)
  object space 138240K, 14% used [0x00000000a0000000,0x00000000a13373f0,0x00000000a8700000)
 Metaspace       used 39647K, capacity 41482K, committed 41728K, reserved 1085440K
  class space    used 5659K, capacity 6040K, committed 6144K, reserved 1048576K
}
Event: 6.366 GC heap before
{Heap before GC invocations=17 (full 2):
 PSYoungGen      total 218624K, used 210400K [0x00000000e0000000, 0x00000000efb80000, 0x0000000100000000)
  eden space 203776K, 100% used [0x00000000e0000000,0x00000000ec700000,0x00000000ec700000)
  from space 14848K, 44% used [0x00000000ed600000,0x00000000edc78020,0x00000000ee480000)
  to   space 15360K, 0% used [0x00000000ec700000,0x00000000ec700000,0x00000000ed600000)
 ParOldGen       total 138240K, used 19676K [0x00000000a0000000, 0x00000000a8700000, 0x00000000e0000000)
  object space 138240K, 14% used [0x00000000a0000000,0x00000000a13373f0,0x00000000a8700000)
 Metaspace       used 39653K, capacity 41482K, committed 41728K, reserved 1085440K
  class space    used 5659K, capacity 6040K, committed 6144K, reserved 1048576K
Event: 6.370 GC heap after
Heap after GC invocations=17 (full 2):
 PSYoungGen      total 219136K, used 688K [0x00000000e0000000, 0x00000000efb80000, 0x0000000100000000)
  eden space 203776K, 0% used [0x00000000e0000000,0x00000000e0000000,0x00000000ec700000)
  from space 15360K, 4% used [0x00000000ec700000,0x00000000ec7ac010,0x00000000ed600000)
  to   space 14848K, 0% used [0x00000000ed600000,0x00000000ed600000,0x00000000ee480000)
 ParOldGen       total 138240K, used 26165K [0x00000000a0000000, 0x00000000a8700000, 0x00000000e0000000)
  object space 138240K, 18% used [0x00000000a0000000,0x00000000a198d410,0x00000000a8700000)
 Metaspace       used 39653K, capacity 41482K, committed 41728K, reserved 1085440K
  class space    used 5659K, capacity 6040K, committed 6144K, reserved 1048576K
}
Event: 6.496 GC heap before
{Heap before GC invocations=18 (full 2):
 PSYoungGen      total 219136K, used 204464K [0x00000000e0000000, 0x00000000efb80000, 0x0000000100000000)
  eden space 203776K, 100% used [0x00000000e0000000,0x00000000ec700000,0x00000000ec700000)
  from space 15360K, 4% used [0x00000000ec700000,0x00000000ec7ac010,0x00000000ed600000)
  to   space 14848K, 0% used [0x00000000ed600000,0x00000000ed600000,0x00000000ee480000)
 ParOldGen       total 138240K, used 26165K [0x00000000a0000000, 0x00000000a8700000, 0x00000000e0000000)
  object space 138240K, 18% used [0x00000000a0000000,0x00000000a198d410,0x00000000a8700000)
 Metaspace       used 39653K, capacity 41482K, committed 41728K, reserved 1085440K
  class space    used 5659K, capacity 6040K, committed 6144K, reserved 1048576K
Event: 6.497 GC heap after
Heap after GC invocations=18 (full 2):
 PSYoungGen      total 218624K, used 512K [0x00000000e0000000, 0x00000000efb80000, 0x0000000100000000)
  eden space 203776K, 0% used [0x00000000e0000000,0x00000000e0000000,0x00000000ec700000)
  from space 14848K, 3% used [0x00000000ed600000,0x00000000ed680000,0x00000000ee480000)
  to   space 15360K, 0% used [0x00000000ec700000,0x00000000ec700000,0x00000000ed600000)
 ParOldGen       total 138240K, used 26557K [0x00000000a0000000, 0x00000000a8700000, 0x00000000e0000000)
  object space 138240K, 19% used [0x00000000a0000000,0x00000000a19ef410,0x00000000a8700000)
 Metaspace       used 39653K, capacity 41482K, committed 41728K, reserved 1085440K
  class space    used 5659K, capacity 6040K, committed 6144K, reserved 1048576K
}
Event: 6.622 GC heap before
{Heap before GC invocations=19 (full 2):
 PSYoungGen      total 218624K, used 204288K [0x00000000e0000000, 0x00000000efb80000, 0x0000000100000000)
  eden space 203776K, 100% used [0x00000000e0000000,0x00000000ec700000,0x00000000ec700000)
  from space 14848K, 3% used [0x00000000ed600000,0x00000000ed680000,0x00000000ee480000)
  to   space 15360K, 0% used [0x00000000ec700000,0x00000000ec700000,0x00000000ed600000)
 ParOldGen       total 138240K, used 26557K [0x00000000a0000000, 0x00000000a8700000, 0x00000000e0000000)
  object space 138240K, 19% used [0x00000000a0000000,0x00000000a19ef410,0x00000000a8700000)
 Metaspace       used 39656K, capacity 41482K, committed 41728K, reserved 1085440K
  class space    used 5659K, capacity 6040K, committed 6144K, reserved 1048576K
Event: 6.624 GC heap after
Heap after GC invocations=19 (full 2):
 PSYoungGen      total 219136K, used 576K [0x00000000e0000000, 0x00000000f0f80000, 0x0000000100000000)
  eden space 203776K, 0% used [0x00000000e0000000,0x00000000e0000000,0x00000000ec700000)
  from space 15360K, 3% used [0x00000000ec700000,0x00000000ec790000,0x00000000ed600000)
  to   space 15360K, 0% used [0x00000000f0080000,0x00000000f0080000,0x00000000f0f80000)
 ParOldGen       total 138240K, used 26909K [0x00000000a0000000, 0x00000000a8700000, 0x00000000e0000000)
  object space 138240K, 19% used [0x00000000a0000000,0x00000000a1a47410,0x00000000a8700000)
 Metaspace       used 39656K, capacity 41482K, committed 41728K, reserved 1085440K
  class space    used 5659K, capacity 6040K, committed 6144K, reserved 1048576K
}
Event: 6.751 GC heap before
{Heap before GC invocations=20 (full 2):
 PSYoungGen      total 219136K, used 204352K [0x00000000e0000000, 0x00000000f0f80000, 0x0000000100000000)
  eden space 203776K, 100% used [0x00000000e0000000,0x00000000ec700000,0x00000000ec700000)
  from space 15360K, 3% used [0x00000000ec700000,0x00000000ec790000,0x00000000ed600000)
  to   space 15360K, 0% used [0x00000000f0080000,0x00000000f0080000,0x00000000f0f80000)
 ParOldGen       total 138240K, used 26909K [0x00000000a0000000, 0x00000000a8700000, 0x00000000e0000000)
  object space 138240K, 19% used [0x00000000a0000000,0x00000000a1a47410,0x00000000a8700000)
 Metaspace       used 39656K, capacity 41482K, committed 41728K, reserved 1085440K
  class space    used 5659K, capacity 6040K, committed 6144K, reserved 1048576K
Event: 6.753 GC heap after
Heap after GC invocations=20 (full 2):
 PSYoungGen      total 260608K, used 800K [0x00000000e0000000, 0x00000000f0e00000, 0x0000000100000000)
  eden space 246784K, 0% used [0x00000000e0000000,0x00000000e0000000,0x00000000ef100000)
  from space 13824K, 5% used [0x00000000f0080000,0x00000000f0148010,0x00000000f0e00000)
  to   space 14848K, 0% used [0x00000000ef100000,0x00000000ef100000,0x00000000eff80000)
 ParOldGen       total 138240K, used 27269K [0x00000000a0000000, 0x00000000a8700000, 0x00000000e0000000)
  object space 138240K, 19% used [0x00000000a0000000,0x00000000a1aa1410,0x00000000a8700000)
 Metaspace       used 39656K, capacity 41482K, committed 41728K, reserved 1085440K
  class space    used 5659K, capacity 6040K, committed 6144K, reserved 1048576K
}

Deoptimization events (10 events):
Event: 5.742 Thread 0x000000001f4a4800 Uncommon trap: reason=unstable_if action=reinterpret pc=0x0000000002f0bc7c method=org.objectweb.asm.MethodWriter.putMethodInfo(Lorg/objectweb/asm/ByteVector;)V @ 180
Event: 5.878 Thread 0x000000001f4a4800 Uncommon trap: reason=unstable_if action=reinterpret pc=0x0000000003be7f24 method=org.objectweb.asm.MethodWriter.visitFrame(II[Ljava/lang/Object;I[Ljava/lang/Object;)V @ 744
Event: 5.892 Thread 0x000000001f4a4800 Uncommon trap: reason=unstable_if action=reinterpret pc=0x0000000003dcb574 method=org.objectweb.asm.ClassReader.accept(Lorg/objectweb/asm/ClassVisitor;[Lorg/objectweb/asm/Attribute;I)V @ 686
Event: 5.892 Thread 0x000000001f4a4800 Uncommon trap: reason=unstable_if action=reinterpret pc=0x0000000003b59a18 method=org.objectweb.asm.ClassReader.readUTF8(I[C)Ljava/lang/String; @ 11
Event: 6.158 Thread 0x000000001f4a4800 Uncommon trap: reason=unstable_if action=reinterpret pc=0x0000000002f18624 method=org.objectweb.asm.MethodWriter.computeMethodInfoSize()I @ 521
Event: 6.158 Thread 0x000000001f4a4800 Uncommon trap: reason=unstable_if action=reinterpret pc=0x0000000002e9bcd8 method=org.objectweb.asm.MethodWriter.putMethodInfo(Lorg/objectweb/asm/ByteVector;)V @ 230
Event: 6.159 Thread 0x000000001f4a4800 Uncommon trap: reason=unstable_if action=reinterpret pc=0x0000000002fc530c method=org.objectweb.asm.ClassReader.readField(Lorg/objectweb/asm/ClassVisitor;Lorg/objectweb/asm/Context;I)I @ 253
Event: 6.283 Thread 0x000000001f4a4800 Uncommon trap: reason=unstable_if action=reinterpret pc=0x0000000002ebe0c4 method=org.gradle.internal.classpath.InstrumentingTransformer$InstrumentingMethodVisitor.visitINVOKESTATIC(Ljava/lang/String;Ljava/lang/String;Ljava/lang/String;)Z @ 288
Event: 6.538 Thread 0x000000001f4a4800 Uncommon trap: reason=unstable_if action=reinterpret pc=0x0000000003e32584 method=org.objectweb.asm.ClassReader.accept(Lorg/objectweb/asm/ClassVisitor;[Lorg/objectweb/asm/Attribute;I)V @ 506
Event: 6.538 Thread 0x000000001f4a4800 Uncommon trap: reason=unstable_if action=reinterpret pc=0x0000000003d99354 method=org.objectweb.asm.ClassWriter.toByteArray()[B @ 364

Classes redefined (0 events):
No events

Internal exceptions (10 events):
Event: 4.033 Thread 0x000000001bc0a000 Exception <a 'java/lang/NoSuchMethodError': java.lang.Object.lambda$static$0(Lorg/gradle/internal/component/model/DependencyMetadata;)Lorg/gradle/api/internal/artifacts/ivyservice/dependencysubstitution/DependencySubstitutionApplicator$SubstitutionResult;
Event: 4.056 Thread 0x000000001bc0a000 Exception <a 'java/lang/IncompatibleClassChangeError': Found class java.lang.Object, but interface was expected> (0x00000000e616fb28) thrown at [C:\re\workspace\8-2-build-windows-amd64-cygwin\jdk8u202\12323\hotspot\src\share\vm\interpreter\linkResolver.cp
Event: 4.057 Thread 0x000000001bc0a000 Exception <a 'java/lang/NoSuchMethodError': java.lang.Object.lambda$thenComparing$36697e65$1(Ljava/util/Comparator;Ljava/lang/Object;Ljava/lang/Object;)I> (0x00000000e617b5d8) thrown at [C:\re\workspace\8-2-build-windows-amd64-cygwin\jdk8u202\12323\hotspo
Event: 4.090 Thread 0x000000001bc0a000 Exception <a 'java/lang/NoSuchMethodError': java.lang.Object.lambda$static$0()Z> (0x00000000e6a9b710) thrown at [C:\re\workspace\8-2-build-windows-amd64-cygwin\jdk8u202\12323\hotspot\src\share\vm\interpreter\linkResolver.cpp, line 620]
Event: 4.141 Thread 0x000000001a088000 Exception <a 'sun/nio/fs/WindowsException'> (0x00000000e6cdf7c8) thrown at [C:\re\workspace\8-2-build-windows-amd64-cygwin\jdk8u202\12323\hotspot\src\share\vm\prims\jni.cpp, line 710]
Event: 4.465 Thread 0x000000001a088000 Exception <a 'sun/nio/fs/WindowsException'> (0x00000000ebcf5a10) thrown at [C:\re\workspace\8-2-build-windows-amd64-cygwin\jdk8u202\12323\hotspot\src\share\vm\prims\jni.cpp, line 710]
Event: 4.479 Thread 0x000000001a088000 Exception <a 'sun/nio/fs/WindowsException'> (0x00000000ebcf5dc8) thrown at [C:\re\workspace\8-2-build-windows-amd64-cygwin\jdk8u202\12323\hotspot\src\share\vm\prims\jni.cpp, line 710]
Event: 4.977 Thread 0x000000001f4a4800 Implicit null exception at 0x0000000003b5dc0b to 0x0000000003b5f371
Event: 4.977 Thread 0x000000001f4a4800 Exception <a 'sun/nio/fs/WindowsException'> (0x00000000ec6c6b78) thrown at [C:\re\workspace\8-2-build-windows-amd64-cygwin\jdk8u202\12323\hotspot\src\share\vm\prims\jni.cpp, line 710]
Event: 5.081 Thread 0x000000001f4a4800 Implicit null exception at 0x0000000003b772c3 to 0x0000000003b7768d

Events (10 events):
Event: 6.538 Thread 0x000000001f4a4800 Uncommon trap: trap_request=0xffffff65 fr.pc=0x0000000003e32584
Event: 6.538 Thread 0x000000001f4a4800 DEOPT PACKING pc=0x0000000003e32584 sp=0x0000000021b2e7e0
Event: 6.538 Thread 0x000000001f4a4800 DEOPT UNPACKING pc=0x0000000002d2583b sp=0x0000000021b2e7c0 mode 2
Event: 6.538 Thread 0x000000001f4a4800 Uncommon trap: trap_request=0xffffff65 fr.pc=0x0000000003d99354
Event: 6.538 Thread 0x000000001f4a4800 DEOPT PACKING pc=0x0000000003d99354 sp=0x0000000021b2e8c0
Event: 6.538 Thread 0x000000001f4a4800 DEOPT UNPACKING pc=0x0000000002d2583b sp=0x0000000021b2e850 mode 2
Event: 6.622 Executing VM operation: ParallelGCFailedAllocation
Event: 6.624 Executing VM operation: ParallelGCFailedAllocation done
Event: 6.751 Executing VM operation: ParallelGCFailedAllocation
Event: 6.753 Executing VM operation: ParallelGCFailedAllocation done


Dynamic libraries:
0x00007ff731ad0000 - 0x00007ff731b07000 	C:\Program Files\Java\jdk1.8.0_202\bin\java.exe
0x00007ffbe7c60000 - 0x00007ffbe7e69000 	C:\Windows\SYSTEM32\ntdll.dll
0x00007ffbe6c90000 - 0x00007ffbe6d4d000 	C:\Windows\System32\KERNEL32.DLL
0x00007ffbe5770000 - 0x00007ffbe5aed000 	C:\Windows\System32\KERNELBASE.dll
0x00007ffbe5c80000 - 0x00007ffbe5d2e000 	C:\Windows\System32\ADVAPI32.dll
0x00007ffbe5af0000 - 0x00007ffbe5b93000 	C:\Windows\System32\msvcrt.dll
0x00007ffbe7720000 - 0x00007ffbe77be000 	C:\Windows\System32\sechost.dll
0x00007ffbe7980000 - 0x00007ffbe7aa0000 	C:\Windows\System32\RPCRT4.dll
0x00007ffbe6d70000 - 0x00007ffbe6f1d000 	C:\Windows\System32\USER32.dll
0x00007ffbe5550000 - 0x00007ffbe5576000 	C:\Windows\System32\win32u.dll
0x00007ffbe6b70000 - 0x00007ffbe6b99000 	C:\Windows\System32\GDI32.dll
0x00007ffbe5370000 - 0x00007ffbe5488000 	C:\Windows\System32\gdi32full.dll
0x00007ffbe52d0000 - 0x00007ffbe536d000 	C:\Windows\System32\msvcp_win.dll
0x00007ffbe51b0000 - 0x00007ffbe52c1000 	C:\Windows\System32\ucrtbase.dll
0x00007ffbc7d60000 - 0x00007ffbc8005000 	C:\Windows\WinSxS\amd64_microsoft.windows.common-controls_6595b64144ccf1df_6.0.22000.120_none_9d947278b86cc467\COMCTL32.dll
0x00007ffbe6580000 - 0x00007ffbe65b1000 	C:\Windows\System32\IMM32.DLL
0x0000000055660000 - 0x0000000055732000 	C:\Program Files\Java\jdk1.8.0_202\jre\bin\msvcr100.dll
0x0000000054db0000 - 0x0000000055655000 	C:\Program Files\Java\jdk1.8.0_202\jre\bin\server\jvm.dll
0x00007ffbe6ab0000 - 0x00007ffbe6ab8000 	C:\Windows\System32\PSAPI.DLL
0x00007ffbdc620000 - 0x00007ffbdc653000 	C:\Windows\SYSTEM32\WINMM.dll
0x00007ffbd5d80000 - 0x00007ffbd5d89000 	C:\Windows\SYSTEM32\WSOCK32.dll
0x00007ffbdb410000 - 0x00007ffbdb41a000 	C:\Windows\SYSTEM32\VERSION.dll
0x00007ffbe7440000 - 0x00007ffbe74af000 	C:\Windows\System32\WS2_32.dll
0x00007ffbc4e80000 - 0x00007ffbc4e8f000 	C:\Program Files\Java\jdk1.8.0_202\jre\bin\verify.dll
0x00007ffba3dd0000 - 0x00007ffba3df9000 	C:\Program Files\Java\jdk1.8.0_202\jre\bin\java.dll
0x00007ffbac800000 - 0x00007ffbac816000 	C:\Program Files\Java\jdk1.8.0_202\jre\bin\zip.dll
0x00007ffbe5dc0000 - 0x00007ffbe6578000 	C:\Windows\System32\SHELL32.dll
0x00007ffbe32c0000 - 0x00007ffbe3b28000 	C:\Windows\SYSTEM32\windows.storage.dll
0x00007ffbe70c0000 - 0x00007ffbe7439000 	C:\Windows\System32\combase.dll
0x00007ffbe3150000 - 0x00007ffbe32b6000 	C:\Windows\SYSTEM32\wintypes.dll
0x00007ffbe7630000 - 0x00007ffbe771a000 	C:\Windows\System32\SHCORE.dll
0x00007ffbe7b20000 - 0x00007ffbe7b7d000 	C:\Windows\System32\shlwapi.dll
0x00007ffbe5070000 - 0x00007ffbe5091000 	C:\Windows\SYSTEM32\profapi.dll
0x00007ffbabf80000 - 0x00007ffbabf9a000 	C:\Program Files\Java\jdk1.8.0_202\jre\bin\net.dll
0x00007ffbdbad0000 - 0x00007ffbdbcbf000 	C:\Windows\SYSTEM32\urlmon.dll
0x00007ffbdb7e0000 - 0x00007ffbdba93000 	C:\Windows\SYSTEM32\iertutil.dll
0x00007ffbdbaa0000 - 0x00007ffbdbac8000 	C:\Windows\SYSTEM32\srvcli.dll
0x00007ffbe3db0000 - 0x00007ffbe3dbc000 	C:\Windows\SYSTEM32\netutils.dll
0x00007ffbe4760000 - 0x00007ffbe47c7000 	C:\Windows\system32\mswsock.dll
0x00007ffba5c60000 - 0x00007ffba5c72000 	C:\Program Files\Java\jdk1.8.0_202\jre\bin\nio.dll
0x00007ffbd5260000 - 0x00007ffbd5287000 	C:\Users\laita\.gradle\native\8bec1ad78214c89d9ad589b4d07fe93259594b29d510b10fafb7a158f7737e5d\windows-amd64\native-platform.dll
0x00007ffbaca70000 - 0x00007ffbacbad000 	C:\Users\laita\.gradle\native\53dbd7edfb1c66fb8903c78663c9afc45aea4f116125fa6feffd364cf09443e8\windows-amd64\native-platform-file-events.dll
0x00007ffbc4790000 - 0x00007ffbc479d000 	C:\Program Files\Java\jdk1.8.0_202\jre\bin\management.dll
0x00007ffbe49b0000 - 0x00007ffbe49c8000 	C:\Windows\SYSTEM32\CRYPTSP.dll
0x00007ffbe4290000 - 0x00007ffbe42c5000 	C:\Windows\system32\rsaenh.dll
0x00007ffbe4850000 - 0x00007ffbe4879000 	C:\Windows\SYSTEM32\USERENV.dll
0x00007ffbe4b20000 - 0x00007ffbe4b47000 	C:\Windows\SYSTEM32\bcrypt.dll
0x00007ffbe56f0000 - 0x00007ffbe576f000 	C:\Windows\System32\bcryptprimitives.dll
0x00007ffbe49a0000 - 0x00007ffbe49ac000 	C:\Windows\SYSTEM32\CRYPTBASE.dll
0x00007ffbe3ea0000 - 0x00007ffbe3ecd000 	C:\Windows\SYSTEM32\IPHLPAPI.DLL
0x00007ffbe65c0000 - 0x00007ffbe65c9000 	C:\Windows\System32\NSI.dll
0x00007ffbdb7c0000 - 0x00007ffbdb7d9000 	C:\Windows\SYSTEM32\dhcpcsvc6.DLL
0x00007ffbdc280000 - 0x00007ffbdc29e000 	C:\Windows\SYSTEM32\dhcpcsvc.DLL
0x00007ffbe3ed0000 - 0x00007ffbe3fb8000 	C:\Windows\SYSTEM32\DNSAPI.dll

VM Arguments:
jvm_args: -Xmx1536m -Dfile.encoding=windows-1252 -Duser.country=ID -Duser.language=en -Duser.variant 
java_command: org.gradle.launcher.daemon.bootstrap.GradleDaemon 7.0.2
java_class_path (initial): C:\Users\laita\.gradle\wrapper\dists\gradle-7.0.2-bin\857tjihv64xamwrf0h14cai3r\gradle-7.0.2\lib\gradle-launcher-7.0.2.jar
Launcher Type: SUN_STANDARD

Environment Variables:
PATH=C:\Program Files (x86)\Common Files\Oracle\Java\javapath;C:\Windows\system32;C:\Windows;C:\Windows\System32\Wbem;C:\Windows\System32\WindowsPowerShell\v1.0\;C:\Windows\System32\OpenSSH\;C:\Program Files (x86)\NVIDIA Corporation\PhysX\Common;C:\Program Files\NVIDIA Corporation\NVIDIA NGX;C:\Program Files\NVIDIA Corporation\NVIDIA NvDLISR;C:\Program Files\Git\cmd;C:\Users\laita\AppData\Local\Microsoft\WindowsApps;;C:\Users\laita\AppData\Local\Programs\Microsoft VS Code\bin
USERNAME=laita
OS=Windows_NT
PROCESSOR_IDENTIFIER=Intel64 Family 6 Model 158 Stepping 10, GenuineIntel



---------------  S Y S T E M  ---------------

OS: Windows 10.0 , 64 bit Build 22000 (10.0.22000.708)

CPU:total 12 (initial active 12) (6 cores per cpu, 2 threads per core) family 6 model 158 stepping 10, cmov, cx8, fxsr, mmx, sse, sse2, sse3, ssse3, sse4.1, sse4.2, popcnt, avx, avx2, aes, clmul, erms, 3dnowpref, lzcnt, ht, tsc, tscinvbit, bmi1, bmi2, adx

Memory: 4k page, physical 16647860k(3188864k free), swap 18745012k(5240k free)

vm_info: Java HotSpot(TM) 64-Bit Server VM (25.202-b08) for windows-amd64 JRE (1.8.0_202-b08), built on Dec 15 2018 19:54:30 by "java_re" with MS VC++ 10.0 (VS2010)

time: Thu Aug 11 14:04:02 2022
timezone: SE Asia Standard Time
elapsed time: 6 seconds (0d 0h 0m 6s)

