#
# There is insufficient memory for the Java Runtime Environment to continue.
# Native memory allocation (malloc) failed to allocate 32744 bytes for ChunkPool::allocate
# Possible reasons:
#   The system is out of physical RAM or swap space
#   The process is running with CompressedOops enabled, and the Java Heap may be blocking the growth of the native heap
# Possible solutions:
#   Reduce memory load on the system
#   Increase physical memory or swap space
#   Check if swap backing store is full
#   Decrease Java heap size (-Xmx/-Xms)
#   Decrease number of Java threads
#   Decrease Java thread stack sizes (-Xss)
#   Set larger code cache with -XX:ReservedCodeCacheSize=
#   JVM is running with Unscaled Compressed Oops mode in which the Java heap is
#     placed in the first 4GB address space. The Java Heap base address is the
#     maximum limit for the native heap growth. Please use -XX:HeapBaseMinAddress
#     to set the Java Heap base and to place the Java Heap above 4GB virtual address.
# This output file may be truncated or incomplete.
#
#  Out of Memory Error (allocation.cpp:272), pid=20448, tid=0x00000000000046e0
#
# JRE version: Java(TM) SE Runtime Environment (8.0_202-b08) (build 1.8.0_202-b08)
# Java VM: Java HotSpot(TM) 64-Bit Server VM (25.202-b08 mixed mode windows-amd64 compressed oops)
# Failed to write core dump. Minidumps are not enabled by default on client versions of Windows
#

---------------  T H R E A D  ---------------

Current thread (0x000000001b9e3800):  JavaThread "Daemon worker" [_thread_in_vm, id=18144, stack(0x000000001d090000,0x000000001d190000)]

Stack: [0x000000001d090000,0x000000001d190000]
[error occurred during error reporting (printing stack bounds), id 0xc0000005]

Native frames: (J=compiled Java code, j=interpreted, Vv=VM code, C=native code)

Java frames: (J=compiled Java code, j=interpreted, Vv=VM code)
J 826  java.lang.ClassLoader.defineClass1(Ljava/lang/String;[BIILjava/security/ProtectionDomain;Ljava/lang/String;)Ljava/lang/Class; (0 bytes) @ 0x0000000002a40fdf [0x0000000002a40f40+0x9f]
J 690 C1 java.lang.ClassLoader.defineClass(Ljava/lang/String;[BIILjava/security/ProtectionDomain;)Ljava/lang/Class; (43 bytes) @ 0x00000000029cc0e4 [0x00000000029cbb00+0x5e4]
J 647 C1 java.net.URLClassLoader.defineClass(Ljava/lang/String;Lsun/misc/Resource;)Ljava/lang/Class; (142 bytes) @ 0x00000000029b7ae4 [0x00000000029b5f80+0x1b64]
J 542 C1 java.net.URLClassLoader$1.run()Ljava/lang/Class; (63 bytes) @ 0x000000000295e154 [0x000000000295dea0+0x2b4]
J 541 C1 java.net.URLClassLoader$1.run()Ljava/lang/Object; (5 bytes) @ 0x000000000295ac8c [0x000000000295ac00+0x8c]
v  ~StubRoutines::call_stub
J 448  java.security.AccessController.doPrivileged(Ljava/security/PrivilegedExceptionAction;Ljava/security/AccessControlContext;)Ljava/lang/Object; (0 bytes) @ 0x0000000002919426 [0x00000000029193c0+0x66]
J 1488 C2 java.net.URLClassLoader.findClass(Ljava/lang/String;)Ljava/lang/Class; (47 bytes) @ 0x0000000002c40670 [0x0000000002c405e0+0x90]
J 1452 C2 java.lang.ClassLoader.loadClass(Ljava/lang/String;Z)Ljava/lang/Class; (122 bytes) @ 0x0000000002c45e04 [0x0000000002c44e80+0xf84]
J 490 C1 java.lang.ClassLoader.loadClass(Ljava/lang/String;)Ljava/lang/Class; (7 bytes) @ 0x000000000293944c [0x0000000002939340+0x10c]
v  ~StubRoutines::call_stub
j  com.google.common.collect.MapMakerInternalMap.create(Lcom/google/common/collect/MapMaker;)Lcom/google/common/collect/MapMakerInternalMap;+57
j  com.google.common.collect.MapMaker.makeMap()Ljava/util/concurrent/ConcurrentMap;+26
j  org.gradle.internal.classloader.CachingClassLoader.<init>(Ljava/lang/ClassLoader;)V+16
j  org.gradle.api.internal.initialization.RootClassLoaderScope.<init>(Ljava/lang/String;Ljava/lang/ClassLoader;Ljava/lang/ClassLoader;Lorg/gradle/api/internal/initialization/loadercache/ClassLoaderCache;Lorg/gradle/initialization/ClassLoaderScopeRegistryListener;)V+28
j  org.gradle.initialization.DefaultClassLoaderScopeRegistry.<init>(Lorg/gradle/initialization/ClassLoaderRegistry;Lorg/gradle/api/internal/initialization/loadercache/ClassLoaderCache;Lorg/gradle/initialization/ClassLoaderScopeRegistryListener;)V+25
j  org.gradle.internal.service.scopes.GradleUserHomeScopeServices.createClassLoaderScopeRegistry(Lorg/gradle/initialization/ClassLoaderRegistry;Lorg/gradle/api/internal/initialization/loadercache/ClassLoaderCache;Lorg/gradle/initialization/ClassLoaderScopeRegistryListenerManager;)Lorg/gradle/initialization/ClassLoaderScopeRegistry;+10
v  ~StubRoutines::call_stub
J 1724  sun.reflect.NativeMethodAccessorImpl.invoke0(Ljava/lang/reflect/Method;Ljava/lang/Object;[Ljava/lang/Object;)Ljava/lang/Object; (0 bytes) @ 0x0000000002cfc1ff [0x0000000002cfc180+0x7f]
J 1723 C1 sun.reflect.NativeMethodAccessorImpl.invoke(Ljava/lang/Object;[Ljava/lang/Object;)Ljava/lang/Object; (104 bytes) @ 0x0000000002d045a4 [0x0000000002d03400+0x11a4]
J 1369 C1 sun.reflect.DelegatingMethodAccessorImpl.invoke(Ljava/lang/Object;[Ljava/lang/Object;)Ljava/lang/Object; (10 bytes) @ 0x0000000002bfcd84 [0x0000000002bfcc80+0x104]
J 1368 C1 java.lang.reflect.Method.invoke(Ljava/lang/Object;[Ljava/lang/Object;)Ljava/lang/Object; (62 bytes) @ 0x0000000002bfd52c [0x0000000002bfd140+0x3ec]
j  org.gradle.internal.reflect.JavaMethod.invoke(Ljava/lang/Object;[Ljava/lang/Object;)Ljava/lang/Object;+6
j  org.gradle.internal.service.ReflectionBasedServiceMethod.invoke(Ljava/lang/Object;[Ljava/lang/Object;)Ljava/lang/Object;+6
j  org.gradle.internal.service.DefaultServiceRegistry$FactoryMethodService.invokeMethod([Ljava/lang/Object;)Ljava/lang/Object;+9
j  org.gradle.internal.service.DefaultServiceRegistry$FactoryService.create()Ljava/lang/Object;+7
J 1479 C1 org.gradle.internal.service.DefaultServiceRegistry$ManagedObjectServiceProvider.getInstance()Ljava/lang/Object; (81 bytes) @ 0x0000000002c42b8c [0x0000000002c42940+0x24c]
J 1478 C1 org.gradle.internal.service.DefaultServiceRegistry$SingletonService.get()Ljava/lang/Object; (5 bytes) @ 0x0000000002c3bdf4 [0x0000000002c3bd00+0xf4]
j  org.gradle.internal.service.DefaultServiceRegistry$FactoryService.assembleParameters()[Ljava/lang/Object;+44
j  org.gradle.internal.service.DefaultServiceRegistry$FactoryService.create()Ljava/lang/Object;+1
J 1479 C1 org.gradle.internal.service.DefaultServiceRegistry$ManagedObjectServiceProvider.getInstance()Ljava/lang/Object; (81 bytes) @ 0x0000000002c42b8c [0x0000000002c42940+0x24c]
J 1478 C1 org.gradle.internal.service.DefaultServiceRegistry$SingletonService.get()Ljava/lang/Object; (5 bytes) @ 0x0000000002c3bdf4 [0x0000000002c3bd00+0xf4]
j  org.gradle.internal.service.DefaultServiceRegistry$FactoryService.assembleParameters()[Ljava/lang/Object;+44
j  org.gradle.internal.service.DefaultServiceRegistry$FactoryService.create()Ljava/lang/Object;+1
J 1479 C1 org.gradle.internal.service.DefaultServiceRegistry$ManagedObjectServiceProvider.getInstance()Ljava/lang/Object; (81 bytes) @ 0x0000000002c42b8c [0x0000000002c42940+0x24c]
J 1478 C1 org.gradle.internal.service.DefaultServiceRegistry$SingletonService.get()Ljava/lang/Object; (5 bytes) @ 0x0000000002c3bdf4 [0x0000000002c3bd00+0xf4]
j  org.gradle.internal.service.DefaultServiceRegistry.find(Ljava/lang/reflect/Type;)Ljava/lang/Object;+22
j  org.gradle.internal.service.DefaultServiceRegistry.get(Ljava/lang/reflect/Type;)Ljava/lang/Object;+2
j  org.gradle.internal.service.DefaultServiceRegistry.get(Ljava/lang/Class;)Ljava/lang/Object;+3
j  org.gradle.internal.service.scopes.BuildScopeServices.defaultScriptPluginFactory()Lorg/gradle/configuration/DefaultScriptPluginFactory;+32
j  org.gradle.internal.service.scopes.BuildScopeServices.createScriptPluginFactory(Lorg/gradle/internal/instantiation/InstantiatorFactory;Lorg/gradle/internal/operations/BuildOperationExecutor;Lorg/gradle/configuration/internal/UserCodeApplicationContext;)Lorg/gradle/configuration/ScriptPluginFactory;+1
v  ~StubRoutines::call_stub
J 1724  sun.reflect.NativeMethodAccessorImpl.invoke0(Ljava/lang/reflect/Method;Ljava/lang/Object;[Ljava/lang/Object;)Ljava/lang/Object; (0 bytes) @ 0x0000000002cfc1ff [0x0000000002cfc180+0x7f]
J 1723 C1 sun.reflect.NativeMethodAccessorImpl.invoke(Ljava/lang/Object;[Ljava/lang/Object;)Ljava/lang/Object; (104 bytes) @ 0x0000000002d045a4 [0x0000000002d03400+0x11a4]
J 1369 C1 sun.reflect.DelegatingMethodAccessorImpl.invoke(Ljava/lang/Object;[Ljava/lang/Object;)Ljava/lang/Object; (10 bytes) @ 0x0000000002bfcd84 [0x0000000002bfcc80+0x104]
J 1368 C1 java.lang.reflect.Method.invoke(Ljava/lang/Object;[Ljava/lang/Object;)Ljava/lang/Object; (62 bytes) @ 0x0000000002bfd52c [0x0000000002bfd140+0x3ec]
j  org.gradle.internal.reflect.JavaMethod.invoke(Ljava/lang/Object;[Ljava/lang/Object;)Ljava/lang/Object;+6
j  org.gradle.internal.service.ReflectionBasedServiceMethod.invoke(Ljava/lang/Object;[Ljava/lang/Object;)Ljava/lang/Object;+6
j  org.gradle.internal.service.DefaultServiceRegistry$FactoryMethodService.invokeMethod([Ljava/lang/Object;)Ljava/lang/Object;+9
j  org.gradle.internal.service.DefaultServiceRegistry$FactoryService.create()Ljava/lang/Object;+7
J 1479 C1 org.gradle.internal.service.DefaultServiceRegistry$ManagedObjectServiceProvider.getInstance()Ljava/lang/Object; (81 bytes) @ 0x0000000002c42b8c [0x0000000002c42940+0x24c]
J 1478 C1 org.gradle.internal.service.DefaultServiceRegistry$SingletonService.get()Ljava/lang/Object; (5 bytes) @ 0x0000000002c3bdf4 [0x0000000002c3bd00+0xf4]
j  org.gradle.internal.service.DefaultServiceRegistry$FactoryService.assembleParameters()[Ljava/lang/Object;+44
j  org.gradle.internal.service.DefaultServiceRegistry$FactoryService.create()Ljava/lang/Object;+1
J 1479 C1 org.gradle.internal.service.DefaultServiceRegistry$ManagedObjectServiceProvider.getInstance()Ljava/lang/Object; (81 bytes) @ 0x0000000002c42b8c [0x0000000002c42940+0x24c]
J 1478 C1 org.gradle.internal.service.DefaultServiceRegistry$SingletonService.get()Ljava/lang/Object; (5 bytes) @ 0x0000000002c3bdf4 [0x0000000002c3bd00+0xf4]
j  org.gradle.internal.service.DefaultServiceRegistry$FactoryService.assembleParameters()[Ljava/lang/Object;+44
j  org.gradle.internal.service.DefaultServiceRegistry$FactoryService.create()Ljava/lang/Object;+1
J 1479 C1 org.gradle.internal.service.DefaultServiceRegistry$ManagedObjectServiceProvider.getInstance()Ljava/lang/Object; (81 bytes) @ 0x0000000002c42b8c [0x0000000002c42940+0x24c]
J 1478 C1 org.gradle.internal.service.DefaultServiceRegistry$SingletonService.get()Ljava/lang/Object; (5 bytes) @ 0x0000000002c3bdf4 [0x0000000002c3bd00+0xf4]
j  org.gradle.internal.service.DefaultServiceRegistry.find(Ljava/lang/reflect/Type;)Ljava/lang/Object;+22
j  org.gradle.internal.service.DefaultServiceRegistry.get(Ljava/lang/reflect/Type;)Ljava/lang/Object;+2
j  org.gradle.internal.service.DefaultServiceRegistry.get(Ljava/lang/Class;)Ljava/lang/Object;+3
j  org.gradle.initialization.DefaultGradleLauncherFactory.createDefaultGradleLauncher(Lorg/gradle/api/internal/GradleInternal;Lorg/gradle/internal/service/scopes/BuildScopeServices;Ljava/util/List;)Lorg/gradle/initialization/GradleLauncher;+32
j  org.gradle.initialization.DefaultGradleLauncherFactory$$Lambda$53.gradleLauncherFor(Lorg/gradle/api/internal/GradleInternal;Lorg/gradle/internal/service/scopes/BuildScopeServices;Ljava/util/List;)Lorg/gradle/initialization/GradleLauncher;+7
j  org.gradle.initialization.DefaultGradleLauncherFactory.doNewInstance(Lorg/gradle/api/internal/BuildDefinition;Lorg/gradle/internal/build/BuildState;Lorg/gradle/initialization/GradleLauncher;Lorg/gradle/internal/buildtree/BuildTreeState;Ljava/util/List;Lorg/gradle/initialization/DefaultGradleLauncherFactory$GradleLauncherInstantiator;Ljava/util/function/Function;)Lorg/gradle/initialization/GradleLauncher;+285
j  org.gradle.initialization.DefaultGradleLauncherFactory.doNewInstance(Lorg/gradle/api/internal/BuildDefinition;Lorg/gradle/internal/build/BuildState;Lorg/gradle/initialization/GradleLauncher;Lorg/gradle/internal/buildtree/BuildTreeState;Ljava/util/List;)Lorg/gradle/initialization/GradleLauncher;+19
j  org.gradle.initialization.DefaultGradleLauncherFactory.newInstance(Lorg/gradle/api/internal/BuildDefinition;Lorg/gradle/internal/build/RootBuildState;Lorg/gradle/internal/buildtree/BuildTreeState;)Lorg/gradle/initialization/GradleLauncher;+31
j  org.gradle.composite.internal.DefaultRootBuildState.<init>(Lorg/gradle/api/internal/BuildDefinition;Lorg/gradle/initialization/GradleLauncherFactory;Lorg/gradle/internal/event/ListenerManager;Lorg/gradle/internal/buildtree/BuildTreeState;)V+15
j  org.gradle.composite.internal.DefaultIncludedBuildRegistry.createRootBuild(Lorg/gradle/api/internal/BuildDefinition;)Lorg/gradle/internal/build/RootBuildState;+35
j  org.gradle.launcher.exec.InProcessBuildActionExecuter.execute(Lorg/gradle/internal/invocation/BuildAction;Lorg/gradle/launcher/exec/BuildActionParameters;Lorg/gradle/internal/buildtree/BuildTreeContext;)Lorg/gradle/launcher/exec/BuildActionResult;+28
j  org.gradle.launcher.exec.InProcessBuildActionExecuter.execute(Lorg/gradle/internal/invocation/BuildAction;Ljava/lang/Object;Ljava/lang/Object;)Lorg/gradle/launcher/exec/BuildActionResult;+10
j  org.gradle.launcher.exec.BuildTreeScopeLifecycleBuildActionExecuter.lambda$execute$0(Lorg/gradle/internal/invocation/BuildAction;Lorg/gradle/launcher/exec/BuildActionParameters;Lorg/gradle/internal/buildtree/BuildTreeContext;)Lorg/gradle/launcher/exec/BuildActionResult;+19
j  org.gradle.launcher.exec.BuildTreeScopeLifecycleBuildActionExecuter$$Lambda$25.apply(Ljava/lang/Object;)Ljava/lang/Object;+12
j  org.gradle.internal.buildtree.BuildTreeState.run(Ljava/util/function/Function;)Ljava/lang/Object;+7
j  org.gradle.launcher.exec.BuildTreeScopeLifecycleBuildActionExecuter.execute(Lorg/gradle/internal/invocation/BuildAction;Lorg/gradle/launcher/exec/BuildActionParameters;Lorg/gradle/internal/session/BuildSessionContext;)Lorg/gradle/launcher/exec/BuildActionResult;+49
j  org.gradle.launcher.exec.BuildTreeScopeLifecycleBuildActionExecuter.execute(Lorg/gradle/internal/invocation/BuildAction;Ljava/lang/Object;Ljava/lang/Object;)Lorg/gradle/launcher/exec/BuildActionResult;+10
j  org.gradle.tooling.internal.provider.ContinuousBuildActionExecuter.execute(Lorg/gradle/internal/invocation/BuildAction;Lorg/gradle/launcher/exec/BuildActionParameters;Lorg/gradle/internal/session/BuildSessionContext;)Lorg/gradle/launcher/exec/BuildActionResult;+59
j  org.gradle.tooling.internal.provider.ContinuousBuildActionExecuter.execute(Lorg/gradle/internal/invocation/BuildAction;Ljava/lang/Object;Ljava/lang/Object;)Lorg/gradle/launcher/exec/BuildActionResult;+10
j  org.gradle.tooling.internal.provider.SubscribableBuildActionExecuter.execute(Lorg/gradle/internal/invocation/BuildAction;Lorg/gradle/launcher/exec/BuildActionParameters;Lorg/gradle/internal/session/BuildSessionContext;)Lorg/gradle/launcher/exec/BuildActionResult;+33
j  org.gradle.tooling.internal.provider.SubscribableBuildActionExecuter.execute(Lorg/gradle/internal/invocation/BuildAction;Ljava/lang/Object;Ljava/lang/Object;)Lorg/gradle/launcher/exec/BuildActionResult;+10
j  org.gradle.tooling.internal.provider.SessionScopeLifecycleBuildActionExecuter.lambda$execute$0(Lorg/gradle/internal/invocation/BuildAction;Lorg/gradle/launcher/exec/BuildActionParameters;Lorg/gradle/internal/session/BuildSessionContext;)Lorg/gradle/launcher/exec/BuildActionResult;+52
j  org.gradle.tooling.internal.provider.SessionScopeLifecycleBuildActionExecuter$$Lambda$17.apply(Ljava/lang/Object;)Ljava/lang/Object;+12
j  org.gradle.internal.session.BuildSessionState.run(Ljava/util/function/Function;)Ljava/lang/Object;+9
j  org.gradle.tooling.internal.provider.SessionScopeLifecycleBuildActionExecuter.execute(Lorg/gradle/internal/invocation/BuildAction;Lorg/gradle/launcher/exec/BuildActionParameters;Lorg/gradle/initialization/BuildRequestContext;)Lorg/gradle/launcher/exec/BuildActionResult;+74
j  org.gradle.tooling.internal.provider.SessionScopeLifecycleBuildActionExecuter.execute(Lorg/gradle/internal/invocation/BuildAction;Ljava/lang/Object;Ljava/lang/Object;)Lorg/gradle/launcher/exec/BuildActionResult;+10
j  org.gradle.tooling.internal.provider.GradleThreadBuildActionExecuter.execute(Lorg/gradle/internal/invocation/BuildAction;Lorg/gradle/launcher/exec/BuildActionParameters;Lorg/gradle/initialization/BuildRequestContext;)Lorg/gradle/launcher/exec/BuildActionResult;+10
j  org.gradle.tooling.internal.provider.GradleThreadBuildActionExecuter.execute(Lorg/gradle/internal/invocation/BuildAction;Ljava/lang/Object;Ljava/lang/Object;)Lorg/gradle/launcher/exec/BuildActionResult;+10
j  org.gradle.tooling.internal.provider.StartParamsValidatingActionExecuter.execute(Lorg/gradle/internal/invocation/BuildAction;Lorg/gradle/launcher/exec/BuildActionParameters;Lorg/gradle/initialization/BuildRequestContext;)Lorg/gradle/launcher/exec/BuildActionResult;+175
j  org.gradle.tooling.internal.provider.StartParamsValidatingActionExecuter.execute(Lorg/gradle/internal/invocation/BuildAction;Ljava/lang/Object;Ljava/lang/Object;)Lorg/gradle/launcher/exec/BuildActionResult;+10
j  org.gradle.tooling.internal.provider.SessionFailureReportingActionExecuter.execute(Lorg/gradle/internal/invocation/BuildAction;Lorg/gradle/launcher/exec/BuildActionParameters;Lorg/gradle/initialization/BuildRequestContext;)Lorg/gradle/launcher/exec/BuildActionResult;+7
j  org.gradle.tooling.internal.provider.SessionFailureReportingActionExecuter.execute(Lorg/gradle/internal/invocation/BuildAction;Ljava/lang/Object;Ljava/lang/Object;)Lorg/gradle/launcher/exec/BuildActionResult;+10
j  org.gradle.tooling.internal.provider.SetupLoggingActionExecuter.execute(Lorg/gradle/internal/invocation/BuildAction;Lorg/gradle/launcher/exec/BuildActionParameters;Lorg/gradle/initialization/BuildRequestContext;)Lorg/gradle/launcher/exec/BuildActionResult;+50
j  org.gradle.tooling.internal.provider.SetupLoggingActionExecuter.execute(Lorg/gradle/internal/invocation/BuildAction;Ljava/lang/Object;Ljava/lang/Object;)Lorg/gradle/launcher/exec/BuildActionResult;+10
j  org.gradle.launcher.daemon.server.exec.ExecuteBuild.doBuild(Lorg/gradle/launcher/daemon/server/api/DaemonCommandExecution;Lorg/gradle/launcher/daemon/protocol/Build;)V+114
j  org.gradle.launcher.daemon.server.exec.BuildCommandOnly.execute(Lorg/gradle/launcher/daemon/server/api/DaemonCommandExecution;)V+49
j  org.gradle.launcher.daemon.server.api.DaemonCommandExecution.proceed()Z+23
j  org.gradle.launcher.daemon.server.exec.WatchForDisconnection.execute(Lorg/gradle/launcher/daemon/server/api/DaemonCommandExecution;)V+19
j  org.gradle.launcher.daemon.server.api.DaemonCommandExecution.proceed()Z+23
j  org.gradle.launcher.daemon.server.exec.ResetDeprecationLogger.execute(Lorg/gradle/launcher/daemon/server/api/DaemonCommandExecution;)V+7
j  org.gradle.launcher.daemon.server.api.DaemonCommandExecution.proceed()Z+23
j  org.gradle.launcher.daemon.server.exec.RequestStopIfSingleUsedDaemon.execute(Lorg/gradle/launcher/daemon/server/api/DaemonCommandExecution;)V+33
j  org.gradle.launcher.daemon.server.api.DaemonCommandExecution.proceed()Z+23
j  org.gradle.launcher.daemon.server.exec.ForwardClientInput$2.create()Ljava/lang/Void;+4
j  org.gradle.launcher.daemon.server.exec.ForwardClientInput$2.create()Ljava/lang/Object;+1
j  org.gradle.util.Swapper.swap(Ljava/lang/Object;Lorg/gradle/internal/Factory;)Ljava/lang/Object;+21
j  org.gradle.launcher.daemon.server.exec.ForwardClientInput.execute(Lorg/gradle/launcher/daemon/server/api/DaemonCommandExecution;)V+63
j  org.gradle.launcher.daemon.server.api.DaemonCommandExecution.proceed()Z+23
j  org.gradle.launcher.daemon.server.exec.LogAndCheckHealth.execute(Lorg/gradle/launcher/daemon/server/api/DaemonCommandExecution;)V+28
j  org.gradle.launcher.daemon.server.api.DaemonCommandExecution.proceed()Z+23
j  org.gradle.launcher.daemon.server.exec.LogToClient.doBuild(Lorg/gradle/launcher/daemon/server/api/DaemonCommandExecution;Lorg/gradle/launcher/daemon/protocol/Build;)V+87
j  org.gradle.launcher.daemon.server.exec.BuildCommandOnly.execute(Lorg/gradle/launcher/daemon/server/api/DaemonCommandExecution;)V+49
j  org.gradle.launcher.daemon.server.api.DaemonCommandExecution.proceed()Z+23
j  org.gradle.launcher.daemon.server.exec.EstablishBuildEnvironment.doBuild(Lorg/gradle/launcher/daemon/server/api/DaemonCommandExecution;Lorg/gradle/launcher/daemon/protocol/Build;)V+356
j  org.gradle.launcher.daemon.server.exec.BuildCommandOnly.execute(Lorg/gradle/launcher/daemon/server/api/DaemonCommandExecution;)V+49
j  org.gradle.launcher.daemon.server.api.DaemonCommandExecution.proceed()Z+23
j  org.gradle.launcher.daemon.server.exec.StartBuildOrRespondWithBusy$1.run()V+44
j  org.gradle.launcher.daemon.server.DaemonStateCoordinator$1.run()V+4
j  org.gradle.internal.concurrent.ExecutorPolicy$CatchAndRecordFailures.onExecute(Ljava/lang/Runnable;)V+1
j  org.gradle.internal.concurrent.ManagedExecutorImpl$1.run()V+25
j  java.util.concurrent.ThreadPoolExecutor.runWorker(Ljava/util/concurrent/ThreadPoolExecutor$Worker;)V+95
j  java.util.concurrent.ThreadPoolExecutor$Worker.run()V+5
j  org.gradle.internal.concurrent.ThreadFactoryImpl$ManagedThreadRunnable.run()V+7
j  java.lang.Thread.run()V+11
v  ~StubRoutines::call_stub

---------------  P R O C E S S  ---------------

Java Threads: ( => current thread )
  0x0000000019c5f800 JavaThread "Cache worker for journal cache (C:\Users\laita\.gradle\caches\journal-1)" [_thread_blocked, id=9044, stack(0x000000001da90000,0x000000001db90000)]
  0x0000000019c64800 JavaThread "File lock request listener" [_thread_in_native, id=9376, stack(0x000000001d790000,0x000000001d890000)]
  0x0000000019c64000 JavaThread "Cache worker for file hash cache (C:\Users\laita\.gradle\caches\7.0.2\fileHashes)" [_thread_blocked, id=5212, stack(0x000000001d690000,0x000000001d790000)]
  0x000000001b9ff000 JavaThread "Daemon client event forwarder" [_thread_blocked, id=3656, stack(0x000000001d390000,0x000000001d490000)]
  0x000000001b9ec000 JavaThread "Stdin handler" [_thread_blocked, id=10132, stack(0x000000001d290000,0x000000001d390000)]
  0x000000001b9eb000 JavaThread "Asynchronous log dispatcher for DefaultDaemonConnection: socket connection from /127.0.0.1:52620 to /127.0.0.1:52621" [_thread_blocked, id=6480, stack(0x000000001d190000,0x000000001d290000)]
=>0x000000001b9e3800 JavaThread "Daemon worker" [_thread_in_vm, id=18144, stack(0x000000001d090000,0x000000001d190000)]
  0x000000001ba03800 JavaThread "Cancel handler" [_thread_blocked, id=12176, stack(0x000000001cf90000,0x000000001d090000)]
  0x000000001b88b000 JavaThread "Handler for socket connection from /127.0.0.1:52620 to /127.0.0.1:52621" [_thread_in_native, id=4388, stack(0x000000001cc90000,0x000000001cd90000)]
  0x000000001b961000 JavaThread "Daemon" [_thread_blocked, id=13380, stack(0x000000001cb90000,0x000000001cc90000)]
  0x000000001b960000 JavaThread "Daemon periodic checks" [_thread_blocked, id=4100, stack(0x000000001ca90000,0x000000001cb90000)]
  0x000000001b8a4800 JavaThread "Incoming local TCP Connector on port 52620" [_thread_in_native, id=2220, stack(0x000000001c840000,0x000000001c940000)]
  0x000000001b6d5800 JavaThread "Daemon health stats" [_thread_blocked, id=15500, stack(0x000000001b200000,0x000000001b300000)]
  0x0000000017e56000 JavaThread "Service Thread" daemon [_thread_blocked, id=10252, stack(0x0000000019830000,0x0000000019930000)]
  0x0000000017dca800 JavaThread "C1 CompilerThread3" daemon [_thread_blocked, id=15260, stack(0x0000000019730000,0x0000000019830000)]
  0x0000000017dc9800 JavaThread "C2 CompilerThread2" daemon [_thread_in_native, id=9556, stack(0x0000000019630000,0x0000000019730000)]
  0x0000000017dc7000 JavaThread "C2 CompilerThread1" daemon [_thread_in_native, id=1624, stack(0x0000000019530000,0x0000000019630000)]
  0x0000000017dbf000 JavaThread "C2 CompilerThread0" daemon [_thread_in_native, id=18776, stack(0x0000000019430000,0x0000000019530000)]
  0x0000000017dbc000 JavaThread "Attach Listener" daemon [_thread_blocked, id=18404, stack(0x0000000019330000,0x0000000019430000)]
  0x0000000017dbb000 JavaThread "Signal Dispatcher" daemon [_thread_blocked, id=10428, stack(0x0000000019230000,0x0000000019330000)]
  0x00000000166e2800 JavaThread "Finalizer" daemon [_thread_blocked, id=7636, stack(0x0000000019030000,0x0000000019130000)]
  0x0000000017db3000 JavaThread "Reference Handler" daemon [_thread_blocked, id=9640, stack(0x0000000018f30000,0x0000000019030000)]
  0x000000000261d800 JavaThread "main" [_thread_blocked, id=14344, stack(0x0000000002450000,0x0000000002550000)]

Other Threads:
  0x00000000166d6800 VMThread [stack: 0x0000000018e30000,0x0000000018f30000] [id=16340]
  0x0000000017e78800 WatcherThread [stack: 0x0000000019930000,0x0000000019a30000] [id=9816]

VM state:not at safepoint (normal execution)

VM Mutex/Monitor currently owned by a thread: None

heap address: 0x00000000a0000000, size: 1536 MB, Compressed Oops mode: 32-bit
Narrow klass base: 0x0000000000000000, Narrow klass shift: 3
Compressed class space size: 1073741824 Address: 0x0000000100000000

Heap:
 PSYoungGen      total 76288K, used 27896K [0x00000000e0000000, 0x00000000e9500000, 0x0000000100000000)
  eden space 65536K, 26% used [0x00000000e0000000,0x00000000e10cc538,0x00000000e4000000)
  from space 10752K, 99% used [0x00000000e4000000,0x00000000e4a71de8,0x00000000e4a80000)
  to   space 10752K, 0% used [0x00000000e8a80000,0x00000000e8a80000,0x00000000e9500000)
 ParOldGen       total 175104K, used 32K [0x00000000a0000000, 0x00000000aab00000, 0x00000000e0000000)
  object space 175104K, 0% used [0x00000000a0000000,0x00000000a0008000,0x00000000aab00000)
 Metaspace       used 19300K, capacity 20032K, committed 20224K, reserved 1067008K
  class space    used 2821K, capacity 3020K, committed 3072K, reserved 1048576K

Card table byte_map: [0x0000000011ae0000,0x0000000011df0000] byte_map_base: 0x00000000115e0000

Marking Bits: (ParMarkBitMap*) 0x00000000555d5ce0
 Begin Bits: [0x00000000129f0000, 0x00000000141f0000)
 End Bits:   [0x00000000141f0000, 0x00000000159f0000)

Polling page: 0x0000000000b40000

CodeCache: size=245760Kb used=6176Kb max_used=6180Kb free=239583Kb
 bounds [0x0000000002720000, 0x0000000002d30000, 0x0000000011720000]
 total_blobs=2228 nmethods=1796 adapters=342
 compilation: enabled

Compilation events (10 events):
Event: 1.953 Thread 0x0000000017dca800 1797       3       sun.reflect.generics.tree.ClassTypeSignature::make (9 bytes)
Event: 1.953 Thread 0x0000000017dca800 nmethod 1797 0x0000000002d23350 code [0x0000000002d234c0, 0x0000000002d23710]
Event: 1.953 Thread 0x0000000017dca800 1798       3       sun.reflect.generics.tree.ClassTypeSignature::<init> (10 bytes)
Event: 1.953 Thread 0x0000000017dca800 nmethod 1798 0x0000000002d23810 code [0x0000000002d23960, 0x0000000002d23b30]
Event: 1.955 Thread 0x0000000017dca800 1799       3       org.gradle.internal.service.DefaultServiceRegistry::access$1300 (4 bytes)
Event: 1.955 Thread 0x0000000017dca800 nmethod 1799 0x0000000002d24050 code [0x0000000002d241a0, 0x0000000002d242d0]
Event: 1.956 Thread 0x0000000017dca800 1801       3       java.util.concurrent.ConcurrentLinkedQueue::offer (115 bytes)
Event: 1.956 Thread 0x0000000017dca800 nmethod 1801 0x0000000002d24350 code [0x0000000002d24520, 0x0000000002d24cc8]
Event: 1.956 Thread 0x0000000017dca800 1800       3       java.util.concurrent.ConcurrentLinkedQueue::add (6 bytes)
Event: 1.956 Thread 0x0000000017dca800 nmethod 1800 0x0000000002d24fd0 code [0x0000000002d25140, 0x0000000002d252e8]

GC Heap History (6 events):
Event: 0.704 GC heap before
{Heap before GC invocations=1 (full 0):
 PSYoungGen      total 76288K, used 65536K [0x00000000e0000000, 0x00000000e5500000, 0x0000000100000000)
  eden space 65536K, 100% used [0x00000000e0000000,0x00000000e4000000,0x00000000e4000000)
  from space 10752K, 0% used [0x00000000e4a80000,0x00000000e4a80000,0x00000000e5500000)
  to   space 10752K, 0% used [0x00000000e4000000,0x00000000e4000000,0x00000000e4a80000)
 ParOldGen       total 175104K, used 0K [0x00000000a0000000, 0x00000000aab00000, 0x00000000e0000000)
  object space 175104K, 0% used [0x00000000a0000000,0x00000000a0000000,0x00000000aab00000)
 Metaspace       used 7730K, capacity 8028K, committed 8320K, reserved 1056768K
  class space    used 981K, capacity 1084K, committed 1152K, reserved 1048576K
Event: 0.708 GC heap after
Heap after GC invocations=1 (full 0):
 PSYoungGen      total 76288K, used 6832K [0x00000000e0000000, 0x00000000e5500000, 0x0000000100000000)
  eden space 65536K, 0% used [0x00000000e0000000,0x00000000e0000000,0x00000000e4000000)
  from space 10752K, 63% used [0x00000000e4000000,0x00000000e46ac268,0x00000000e4a80000)
  to   space 10752K, 0% used [0x00000000e4a80000,0x00000000e4a80000,0x00000000e5500000)
 ParOldGen       total 175104K, used 16K [0x00000000a0000000, 0x00000000aab00000, 0x00000000e0000000)
  object space 175104K, 0% used [0x00000000a0000000,0x00000000a0004000,0x00000000aab00000)
 Metaspace       used 7730K, capacity 8028K, committed 8320K, reserved 1056768K
  class space    used 981K, capacity 1084K, committed 1152K, reserved 1048576K
}
Event: 1.569 GC heap before
{Heap before GC invocations=2 (full 0):
 PSYoungGen      total 76288K, used 72368K [0x00000000e0000000, 0x00000000e5500000, 0x0000000100000000)
  eden space 65536K, 100% used [0x00000000e0000000,0x00000000e4000000,0x00000000e4000000)
  from space 10752K, 63% used [0x00000000e4000000,0x00000000e46ac268,0x00000000e4a80000)
  to   space 10752K, 0% used [0x00000000e4a80000,0x00000000e4a80000,0x00000000e5500000)
 ParOldGen       total 175104K, used 16K [0x00000000a0000000, 0x00000000aab00000, 0x00000000e0000000)
  object space 175104K, 0% used [0x00000000a0000000,0x00000000a0004000,0x00000000aab00000)
 Metaspace       used 13873K, capacity 14364K, committed 14720K, reserved 1062912K
  class space    used 1936K, capacity 2068K, committed 2176K, reserved 1048576K
Event: 1.575 GC heap after
Heap after GC invocations=2 (full 0):
 PSYoungGen      total 76288K, used 9181K [0x00000000e0000000, 0x00000000e5500000, 0x0000000100000000)
  eden space 65536K, 0% used [0x00000000e0000000,0x00000000e0000000,0x00000000e4000000)
  from space 10752K, 85% used [0x00000000e4a80000,0x00000000e5377408,0x00000000e5500000)
  to   space 10752K, 0% used [0x00000000e4000000,0x00000000e4000000,0x00000000e4a80000)
 ParOldGen       total 175104K, used 24K [0x00000000a0000000, 0x00000000aab00000, 0x00000000e0000000)
  object space 175104K, 0% used [0x00000000a0000000,0x00000000a0006000,0x00000000aab00000)
 Metaspace       used 13873K, capacity 14364K, committed 14720K, reserved 1062912K
  class space    used 1936K, capacity 2068K, committed 2176K, reserved 1048576K
}
Event: 1.884 GC heap before
{Heap before GC invocations=3 (full 0):
 PSYoungGen      total 76288K, used 74717K [0x00000000e0000000, 0x00000000e5500000, 0x0000000100000000)
  eden space 65536K, 100% used [0x00000000e0000000,0x00000000e4000000,0x00000000e4000000)
  from space 10752K, 85% used [0x00000000e4a80000,0x00000000e5377408,0x00000000e5500000)
  to   space 10752K, 0% used [0x00000000e4000000,0x00000000e4000000,0x00000000e4a80000)
 ParOldGen       total 175104K, used 24K [0x00000000a0000000, 0x00000000aab00000, 0x00000000e0000000)
  object space 175104K, 0% used [0x00000000a0000000,0x00000000a0006000,0x00000000aab00000)
 Metaspace       used 18363K, capacity 19134K, committed 19328K, reserved 1064960K
  class space    used 2662K, capacity 2891K, committed 2944K, reserved 1048576K
Event: 1.890 GC heap after
Heap after GC invocations=3 (full 0):
 PSYoungGen      total 76288K, used 10695K [0x00000000e0000000, 0x00000000e9500000, 0x0000000100000000)
  eden space 65536K, 0% used [0x00000000e0000000,0x00000000e0000000,0x00000000e4000000)
  from space 10752K, 99% used [0x00000000e4000000,0x00000000e4a71de8,0x00000000e4a80000)
  to   space 10752K, 0% used [0x00000000e8a80000,0x00000000e8a80000,0x00000000e9500000)
 ParOldGen       total 175104K, used 32K [0x00000000a0000000, 0x00000000aab00000, 0x00000000e0000000)
  object space 175104K, 0% used [0x00000000a0000000,0x00000000a0008000,0x00000000aab00000)
 Metaspace       used 18363K, capacity 19134K, committed 19328K, reserved 1064960K
  class space    used 2662K, capacity 2891K, committed 2944K, reserved 1048576K
}

Deoptimization events (10 events):
Event: 1.631 Thread 0x000000001b9e3800 Uncommon trap: reason=class_check action=maybe_recompile pc=0x0000000002a74884 method=java.util.regex.Matcher.match(II)Z @ 86
Event: 1.631 Thread 0x000000001b9e3800 Uncommon trap: reason=class_check action=maybe_recompile pc=0x00000000028c5de0 method=java.util.regex.Matcher.match(II)Z @ 86
Event: 1.668 Thread 0x000000001b9e3800 Uncommon trap: reason=unstable_if action=reinterpret pc=0x00000000028e4504 method=java.io.WinNTFileSystem.resolve(Ljava/lang/String;Ljava/lang/String;)Ljava/lang/String; @ 19
Event: 1.668 Thread 0x000000001b9e3800 Uncommon trap: reason=unstable_if action=reinterpret pc=0x0000000002a7eadc method=java.io.File.getName()Ljava/lang/String; @ 16
Event: 1.727 Thread 0x000000001b9e3800 Uncommon trap: reason=unstable_if action=reinterpret pc=0x00000000029a09b4 method=java.util.HashMap.getNode(ILjava/lang/Object;)Ljava/util/HashMap$Node; @ 129
Event: 1.727 Thread 0x000000001b9e3800 Uncommon trap: reason=bimorphic action=maybe_recompile pc=0x0000000002c06b1c method=java.util.HashMap.putVal(ILjava/lang/Object;Ljava/lang/Object;ZZ)Ljava/lang/Object; @ 203
Event: 1.727 Thread 0x000000001b9e3800 Uncommon trap: reason=unstable_if action=reinterpret pc=0x000000000295f0d0 method=java.util.HashMap.getNode(ILjava/lang/Object;)Ljava/util/HashMap$Node; @ 129
Event: 1.833 Thread 0x000000001b9e3800 Uncommon trap: reason=bimorphic action=maybe_recompile pc=0x0000000002c06b1c method=java.util.HashMap.putVal(ILjava/lang/Object;Ljava/lang/Object;ZZ)Ljava/lang/Object; @ 203
Event: 1.892 Thread 0x000000001b9e3800 Uncommon trap: reason=unstable_if action=reinterpret pc=0x00000000028efe08 method=java.net.URI.match(CJJ)Z @ 19
Event: 1.892 Thread 0x000000001b9e3800 Uncommon trap: reason=unstable_if action=reinterpret pc=0x00000000029d86c0 method=java.net.URI.match(CJJ)Z @ 19

Classes redefined (0 events):
No events

Internal exceptions (10 events):
Event: 1.444 Thread 0x000000001b88b000 Exception <a 'java/lang/NoSuchMethodError': <clinit>> (0x00000000e284ae10) thrown at [C:\re\workspace\8-2-build-windows-amd64-cygwin\jdk8u202\12323\hotspot\src\share\vm\prims\jni.cpp, line 1614]
Event: 1.451 Thread 0x000000001b88b000 Exception <a 'java/lang/NoSuchMethodError': <clinit>> (0x00000000e28d7bf8) thrown at [C:\re\workspace\8-2-build-windows-amd64-cygwin\jdk8u202\12323\hotspot\src\share\vm\prims\jni.cpp, line 1614]
Event: 1.453 Thread 0x000000001b88b000 Exception <a 'java/lang/NoSuchMethodError': <clinit>> (0x00000000e290aa90) thrown at [C:\re\workspace\8-2-build-windows-amd64-cygwin\jdk8u202\12323\hotspot\src\share\vm\prims\jni.cpp, line 1614]
Event: 1.455 Thread 0x000000001b88b000 Exception <a 'java/lang/NoSuchMethodError': <clinit>> (0x00000000e293ade0) thrown at [C:\re\workspace\8-2-build-windows-amd64-cygwin\jdk8u202\12323\hotspot\src\share\vm\prims\jni.cpp, line 1614]
Event: 1.564 Thread 0x000000001b9e3800 Exception <a 'java/lang/NoSuchMethodError': java.lang.Object.lambda$static$0(Lorg/gradle/internal/state/ModelObject;)Ljava/lang/String;> (0x00000000e3f1e6d8) thrown at [C:\re\workspace\8-2-build-windows-amd64-cygwin\jdk8u202\12323\hotspot\src\share\vm\int
Event: 1.614 Thread 0x000000001b9e3800 Exception <a 'java/lang/IncompatibleClassChangeError': Found class java.lang.Object, but interface was expected> (0x00000000e0c0dd18) thrown at [C:\re\workspace\8-2-build-windows-amd64-cygwin\jdk8u202\12323\hotspot\src\share\vm\interpreter\linkResolver.cp
Event: 1.698 Thread 0x000000001b9e3800 Exception <a 'java/lang/NoSuchMethodError': java.lang.Object.lambda$and$0(Ljava/util/function/Predicate;Ljava/lang/Object;)Z> (0x00000000e1765d20) thrown at [C:\re\workspace\8-2-build-windows-amd64-cygwin\jdk8u202\12323\hotspot\src\share\vm\interpreter\li
Event: 1.700 Thread 0x000000001b9e3800 Exception <a 'java/lang/IncompatibleClassChangeError': Found class java.lang.Object, but interface was expected> (0x00000000e17760b0) thrown at [C:\re\workspace\8-2-build-windows-amd64-cygwin\jdk8u202\12323\hotspot\src\share\vm\interpreter\linkResolver.cp
Event: 1.701 Thread 0x000000001b9e3800 Exception <a 'java/lang/NoSuchMethodError': java.lang.Object.lambda$or$2(Ljava/util/function/Predicate;Ljava/lang/Object;)Z> (0x00000000e177adc0) thrown at [C:\re\workspace\8-2-build-windows-amd64-cygwin\jdk8u202\12323\hotspot\src\share\vm\interpreter\lin
Event: 1.722 Thread 0x000000001b9e3800 Exception <a 'java/lang/NoSuchMethodError': java.lang.Object.lambda$comparing$77a9974f$1(Ljava/util/function/Function;Ljava/lang/Object;Ljava/lang/Object;)I> (0x00000000e1c45888) thrown at [C:\re\workspace\8-2-build-windows-amd64-cygwin\jdk8u202\12323\hot

Events (10 events):
Event: 1.957 loading class org/gradle/api/internal/initialization/RootClassLoaderScope
Event: 1.957 loading class org/gradle/api/internal/initialization/RootClassLoaderScope done
Event: 1.957 loading class org/gradle/api/internal/initialization/AbstractClassLoaderScope
Event: 1.957 loading class org/gradle/api/internal/initialization/AbstractClassLoaderScope done
Event: 1.957 loading class org/gradle/api/internal/initialization/ClassLoaderScopeIdentifier
Event: 1.957 loading class org/gradle/api/internal/initialization/ClassLoaderScopeIdentifier done
Event: 1.958 loading class org/gradle/internal/classloader/CachingClassLoader$Spec
Event: 1.958 loading class org/gradle/internal/classloader/CachingClassLoader$Spec done
Event: 1.958 loading class com/google/common/collect/MapMakerInternalMap$StrongKeyWeakValueEntry$Helper
Event: 1.958 loading class com/google/common/collect/MapMakerInternalMap$StrongKeyWeakValueEntry$Helper done


Dynamic libraries:
0x00007ff731ad0000 - 0x00007ff731b07000 	C:\Program Files\Java\jdk1.8.0_202\bin\java.exe
0x00007ffbe7c60000 - 0x00007ffbe7e69000 	C:\Windows\SYSTEM32\ntdll.dll
0x00007ffbe6c90000 - 0x00007ffbe6d4d000 	C:\Windows\System32\KERNEL32.DLL
0x00007ffbe5770000 - 0x00007ffbe5aed000 	C:\Windows\System32\KERNELBASE.dll
0x00007ffbe5c80000 - 0x00007ffbe5d2e000 	C:\Windows\System32\ADVAPI32.dll
0x00007ffbe5af0000 - 0x00007ffbe5b93000 	C:\Windows\System32\msvcrt.dll
0x00007ffbe7720000 - 0x00007ffbe77be000 	C:\Windows\System32\sechost.dll
0x00007ffbe7980000 - 0x00007ffbe7aa0000 	C:\Windows\System32\RPCRT4.dll
0x00007ffbe6d70000 - 0x00007ffbe6f1d000 	C:\Windows\System32\USER32.dll
0x00007ffbe5550000 - 0x00007ffbe5576000 	C:\Windows\System32\win32u.dll
0x00007ffbe6b70000 - 0x00007ffbe6b99000 	C:\Windows\System32\GDI32.dll
0x00007ffbe5370000 - 0x00007ffbe5488000 	C:\Windows\System32\gdi32full.dll
0x00007ffbe52d0000 - 0x00007ffbe536d000 	C:\Windows\System32\msvcp_win.dll
0x00007ffbe51b0000 - 0x00007ffbe52c1000 	C:\Windows\System32\ucrtbase.dll
0x00007ffbc7d60000 - 0x00007ffbc8005000 	C:\Windows\WinSxS\amd64_microsoft.windows.common-controls_6595b64144ccf1df_6.0.22000.120_none_9d947278b86cc467\COMCTL32.dll
0x00007ffbe6580000 - 0x00007ffbe65b1000 	C:\Windows\System32\IMM32.DLL
0x0000000055660000 - 0x0000000055732000 	C:\Program Files\Java\jdk1.8.0_202\jre\bin\msvcr100.dll
0x0000000054db0000 - 0x0000000055655000 	C:\Program Files\Java\jdk1.8.0_202\jre\bin\server\jvm.dll
0x00007ffbe6ab0000 - 0x00007ffbe6ab8000 	C:\Windows\System32\PSAPI.DLL
0x00007ffbd5d80000 - 0x00007ffbd5d89000 	C:\Windows\SYSTEM32\WSOCK32.dll
0x00007ffbdc620000 - 0x00007ffbdc653000 	C:\Windows\SYSTEM32\WINMM.dll
0x00007ffbdb410000 - 0x00007ffbdb41a000 	C:\Windows\SYSTEM32\VERSION.dll
0x00007ffbe7440000 - 0x00007ffbe74af000 	C:\Windows\System32\WS2_32.dll
0x00007ffbc4e80000 - 0x00007ffbc4e8f000 	C:\Program Files\Java\jdk1.8.0_202\jre\bin\verify.dll
0x00007ffba3dd0000 - 0x00007ffba3df9000 	C:\Program Files\Java\jdk1.8.0_202\jre\bin\java.dll
0x00007ffbac800000 - 0x00007ffbac816000 	C:\Program Files\Java\jdk1.8.0_202\jre\bin\zip.dll
0x00007ffbe5dc0000 - 0x00007ffbe6578000 	C:\Windows\System32\SHELL32.dll
0x00007ffbe32c0000 - 0x00007ffbe3b28000 	C:\Windows\SYSTEM32\windows.storage.dll
0x00007ffbe70c0000 - 0x00007ffbe7439000 	C:\Windows\System32\combase.dll
0x00007ffbe3150000 - 0x00007ffbe32b6000 	C:\Windows\SYSTEM32\wintypes.dll
0x00007ffbe7630000 - 0x00007ffbe771a000 	C:\Windows\System32\SHCORE.dll
0x00007ffbe7b20000 - 0x00007ffbe7b7d000 	C:\Windows\System32\shlwapi.dll
0x00007ffbe5070000 - 0x00007ffbe5091000 	C:\Windows\SYSTEM32\profapi.dll
0x00007ffbabf80000 - 0x00007ffbabf9a000 	C:\Program Files\Java\jdk1.8.0_202\jre\bin\net.dll
0x00007ffbdbad0000 - 0x00007ffbdbcbf000 	C:\Windows\SYSTEM32\urlmon.dll
0x00007ffbdb7e0000 - 0x00007ffbdba93000 	C:\Windows\SYSTEM32\iertutil.dll
0x00007ffbdbaa0000 - 0x00007ffbdbac8000 	C:\Windows\SYSTEM32\srvcli.dll
0x00007ffbe3db0000 - 0x00007ffbe3dbc000 	C:\Windows\SYSTEM32\netutils.dll
0x00007ffbe4760000 - 0x00007ffbe47c7000 	C:\Windows\system32\mswsock.dll
0x00007ffba5c60000 - 0x00007ffba5c72000 	C:\Program Files\Java\jdk1.8.0_202\jre\bin\nio.dll
0x00007ffbd5260000 - 0x00007ffbd5287000 	C:\Users\laita\.gradle\native\8bec1ad78214c89d9ad589b4d07fe93259594b29d510b10fafb7a158f7737e5d\windows-amd64\native-platform.dll
0x00007ffbaca70000 - 0x00007ffbacbad000 	C:\Users\laita\.gradle\native\53dbd7edfb1c66fb8903c78663c9afc45aea4f116125fa6feffd364cf09443e8\windows-amd64\native-platform-file-events.dll
0x00007ffbc4790000 - 0x00007ffbc479d000 	C:\Program Files\Java\jdk1.8.0_202\jre\bin\management.dll
0x00007ffbe49b0000 - 0x00007ffbe49c8000 	C:\Windows\SYSTEM32\CRYPTSP.dll
0x00007ffbe4290000 - 0x00007ffbe42c5000 	C:\Windows\system32\rsaenh.dll
0x00007ffbe4850000 - 0x00007ffbe4879000 	C:\Windows\SYSTEM32\USERENV.dll
0x00007ffbe4b20000 - 0x00007ffbe4b47000 	C:\Windows\SYSTEM32\bcrypt.dll
0x00007ffbe56f0000 - 0x00007ffbe576f000 	C:\Windows\System32\bcryptprimitives.dll
0x00007ffbe49a0000 - 0x00007ffbe49ac000 	C:\Windows\SYSTEM32\CRYPTBASE.dll
0x00007ffbe3ea0000 - 0x00007ffbe3ecd000 	C:\Windows\SYSTEM32\IPHLPAPI.DLL
0x00007ffbe65c0000 - 0x00007ffbe65c9000 	C:\Windows\System32\NSI.dll
0x00007ffbdb7c0000 - 0x00007ffbdb7d9000 	C:\Windows\SYSTEM32\dhcpcsvc6.DLL
0x00007ffbdc280000 - 0x00007ffbdc29e000 	C:\Windows\SYSTEM32\dhcpcsvc.DLL
0x00007ffbe3ed0000 - 0x00007ffbe3fb8000 	C:\Windows\SYSTEM32\DNSAPI.dll

VM Arguments:
jvm_args: -Xmx1536m -Dfile.encoding=windows-1252 -Duser.country=ID -Duser.language=en -Duser.variant 
java_command: org.gradle.launcher.daemon.bootstrap.GradleDaemon 7.0.2
java_class_path (initial): C:\Users\laita\.gradle\wrapper\dists\gradle-7.0.2-bin\857tjihv64xamwrf0h14cai3r\gradle-7.0.2\lib\gradle-launcher-7.0.2.jar
Launcher Type: SUN_STANDARD

Environment Variables:
PATH=C:\Program Files (x86)\Common Files\Oracle\Java\javapath;C:\Windows\system32;C:\Windows;C:\Windows\System32\Wbem;C:\Windows\System32\WindowsPowerShell\v1.0\;C:\Windows\System32\OpenSSH\;C:\Program Files (x86)\NVIDIA Corporation\PhysX\Common;C:\Program Files\NVIDIA Corporation\NVIDIA NGX;C:\Program Files\NVIDIA Corporation\NVIDIA NvDLISR;C:\Program Files\Git\cmd;C:\Users\laita\AppData\Local\Microsoft\WindowsApps;;C:\Users\laita\AppData\Local\Programs\Microsoft VS Code\bin
USERNAME=laita
OS=Windows_NT
PROCESSOR_IDENTIFIER=Intel64 Family 6 Model 158 Stepping 10, GenuineIntel



---------------  S Y S T E M  ---------------

OS: Windows 10.0 , 64 bit Build 22000 (10.0.22000.708)

CPU:total 12 (initial active 12) (6 cores per cpu, 2 threads per core) family 6 model 158 stepping 10, cmov, cx8, fxsr, mmx, sse, sse2, sse3, ssse3, sse4.1, sse4.2, popcnt, avx, avx2, aes, clmul, erms, 3dnowpref, lzcnt, ht, tsc, tscinvbit, bmi1, bmi2, adx

Memory: 4k page, physical 16647860k(3463212k free), swap 18745012k(4272k free)

vm_info: Java HotSpot(TM) 64-Bit Server VM (25.202-b08) for windows-amd64 JRE (1.8.0_202-b08), built on Dec 15 2018 19:54:30 by "java_re" with MS VC++ 10.0 (VS2010)

time: Thu Aug 11 14:06:59 2022
timezone: SE Asia Standard Time
elapsed time: 1 seconds (0d 0h 0m 1s)

